Starting server
======== Running on http://0.0.0.0:8080 ========
(Press CTRL+C to quit)
connect  MAmxnzVQS0X6gNbnAAAB
connect  4aZ9DDqzzj0Yh3tqAAAD
connect  Y7PozJe49Sx7aaJ1AAAF
disconnect  Y7PozJe49Sx7aaJ1AAAF
connect  J0DI3CXbKesIEH17AAAH
disconnect  J0DI3CXbKesIEH17AAAH
connect  tlcFdj1wFXhkU1FkAAAJ
disconnect  tlcFdj1wFXhkU1FkAAAJ
connect  WEpBG5kNI_rjYJmzAAAL
Activate
Deactivate
Activate
Deactivate
Activate
Deactivate
Activate
Deactivate
Activate
Deactivate
Activate
Deactivate
Activate
Deactivate
Activate
Deactivate
Activate
Deactivate
Activate
Deactivate
Activate
Deactivate
Activate
Deactivate
Activate
Deactivate
Activate
Deactivate
Activate
Deactivate
Activate
Deactivate
Activate
Deactivate
Activate
Deactivate
Activate
Deactivate
Activate
Deactivate
Activate
Deactivate
Activate
Activate
Deactivate
Activate
Deactivate
disconnect  WEpBG5kNI_rjYJmzAAAL
connect  qqjVHiSf1b6Q_P2bAAAN
disconnect  qqjVHiSf1b6Q_P2bAAAN
disconnect  MAmxnzVQS0X6gNbnAAAB
disconnect  4aZ9DDqzzj0Yh3tqAAAD
